<?xml version="1.0" encoding="UTF-8"?>
<!-- Generated by org.testng.reporters.JUnitReportReporter -->
<testsuite hostname="NetanelPC" name="NewTest" tests="1" failures="0" timestamp="10 Apr 2017 10:23:21 GMT" time="27.816" errors="0">
  <testcase name="SimpleTest" time="27.816" classname="NewTest"/>
</testsuite> <!-- NewTest -->
