<?xml version="1.0" encoding="UTF-8"?>
<!-- Generated by org.testng.reporters.JUnitReportReporter -->
<testsuite hostname="Netanel-Surface" name="NewTest" tests="1" failures="0" timestamp="10 Apr 2017 10:10:43 GMT" time="20.144" errors="0">
  <testcase name="SimpleTest" time="20.144" classname="NewTest"/>
</testsuite> <!-- NewTest -->
