<?xml version="1.0" encoding="UTF-8"?>
<!-- Generated by org.testng.reporters.JUnitReportReporter -->
<testsuite hostname="Netanel-Surface" name="NewTest" tests="1" failures="0" timestamp="10 Apr 2017 10:52:01 GMT" time="19.643" errors="0">
  <testcase name="SimpleTest" time="19.643" classname="NewTest"/>
</testsuite> <!-- NewTest -->
