<?xml version="1.0" encoding="UTF-8"?>
<!-- Generated by org.testng.reporters.JUnitReportReporter -->
<<<<<<< HEAD
<testsuite hostname="Netanel-Surface" name="NewTest" tests="1" failures="0" timestamp="10 Apr 2017 10:10:43 GMT" time="20.144" errors="0">
  <testcase name="SimpleTest" time="20.144" classname="NewTest"/>
=======
<testsuite hostname="NetanelPC" name="NewTest" tests="1" failures="0" timestamp="10 Apr 2017 10:23:21 GMT" time="27.816" errors="0">
  <testcase name="SimpleTest" time="27.816" classname="NewTest"/>
>>>>>>> 68f7f2bdf1a4e9e088b526020182b706a0662435
</testsuite> <!-- NewTest -->
