<?xml version="1.0" encoding="UTF-8"?>
<!-- Generated by org.testng.reporters.JUnitReportReporter -->
<testsuite hostname="Netanel-Surface" name="NewTest" tests="1" failures="0" timestamp="10 Apr 2017 09:13:24 GMT" time="44.085" errors="0">
  <testcase name="SimpleTest" time="44.085" classname="NewTest"/>
</testsuite> <!-- NewTest -->
